{
  "RSpec": {
    "coverage": {
      "/Users/kamacbook/Documents/Makers/final_project/Why-leave-backend/app/controllers/countries_controller.rb": {
        "lines": [
          1,
          null,
          1,
          3,
          3,
          null,
          null,
          1,
          0,
          null,
          null,
          null,
          null,
          0,
          null,
          null,
          1,
          2,
          2,
          null,
          null,
          null
        ]
      },
      "/Users/kamacbook/Documents/Makers/final_project/Why-leave-backend/app/controllers/countries_controller.rb": {
        "lines": [
          1,
          null,
          1,
          3,
          3,
          null,
          null,
          1,
          0,
          null,
          null,
          null,
          null,
          null,
          null,
          null,
          null,
          null,
          0,
          null,
          null,
          1,
          2,
          2,
          null,
          null,
          null
        ]
      }
    },
    "timestamp": 1607944912
  }
}
