{
  "RSpec": {
    "coverage": {
      "/Users/rebekahgalliano/Projects/Makers/WK11-12/why-leave-backend/app/controllers/causes_controller.rb": {
        "lines": [
          1,
          null,
          1,
          2,
          2,
          null,
          null,
          1,
          2,
          null,
          null,
          null,
          null,
          2,
          null,
          null,
          1,
          2,
          2,
          null,
          null,
          null
        ]
      },
      "/Users/rebekahgalliano/Projects/Makers/WK11-12/why-leave-backend/app/controllers/countries_controller.rb": {
        "lines": [
          1,
          null,
          1,
          3,
          3,
          null,
          null,
          1,
          2,
          null,
          null,
          null,
          null,
          null,
          null,
          null,
          null,
          null,
          2,
          null,
          null,
          1,
          2,
          2,
          null,
          null,
          null
        ]
      }
    },
    "timestamp": 1607983219
  }
}
